Performing C++ SOURCE FILE Test FRUIT_HAS_CLANG_ARBITRARY_OVERLOAD_RESOLUTION_BUG failed with the following output:
Change Dir: /Users/abilican/Documents/projects/perso/elastos/react-native-elastos-wallet-core/Elastos.ELA.SPV.Cpp/cmake-build-simulator64/CMakeFiles/CMakeTmp

Run Build Command:"/Applications/Xcode.app/Contents/Developer/usr/bin/make" "cmTC_13093/fast"
/Applications/Xcode.app/Contents/Developer/usr/bin/make -f CMakeFiles/cmTC_13093.dir/build.make CMakeFiles/cmTC_13093.dir/build
Building CXX object CMakeFiles/cmTC_13093.dir/src.cxx.o
/Applications/Xcode.app/Contents/Developer/Toolchains/XcodeDefault.xctoolchain/usr/bin/clang++    -miphonesimulator-version-min=10.0 -fvisibility=hidden -fvisibility-inlines-hidden -fobjc-abi-version=2 -fobjc-arc  -DFRUIT_HAS_CLANG_ARBITRARY_OVERLOAD_RESOLUTION_BUG -miphonesimulator-version-min=10.0 -fvisibility=hidden -fvisibility-inlines-hidden -fobjc-abi-version=2 -fobjc-arc  -O3 -DNDEBUG  -std=c++11 -W -Wall -Wno-unknown-warning-option -Wno-missing-braces -arch x86_64 -isysroot /Applications/Xcode.app/Contents/Developer/Platforms/iPhoneSimulator.platform/Developer/SDKs/iPhoneSimulator12.1.sdk   -o CMakeFiles/cmTC_13093.dir/src.cxx.o -c /Users/abilican/Documents/projects/perso/elastos/react-native-elastos-wallet-core/Elastos.ELA.SPV.Cpp/cmake-build-simulator64/CMakeFiles/CMakeTmp/src.cxx
/Users/abilican/Documents/projects/perso/elastos/react-native-elastos-wallet-core/Elastos.ELA.SPV.Cpp/cmake-build-simulator64/CMakeFiles/CMakeTmp/src.cxx:11:3: error: no matching function for call to 'f'
  f((Map*)0);
  ^
/Users/abilican/Documents/projects/perso/elastos/react-native-elastos-wallet-core/Elastos.ELA.SPV.Cpp/cmake-build-simulator64/CMakeFiles/CMakeTmp/src.cxx:8:7: note: candidate template ignored: failed template argument deduction
Value f(Pair<int, Value>*) { return Value(); }
      ^
1 error generated.
make[1]: *** [CMakeFiles/cmTC_13093.dir/src.cxx.o] Error 1
make: *** [cmTC_13093/fast] Error 2

Source file was:

template <typename T, typename U>
struct Pair {};

struct Map : public Pair<int, float>, Pair<int, char> {};

template <typename Value>
Value f(Pair<int, Value>*) { return Value(); }

int main() {
  f((Map*)0);
}

Performing C++ SOURCE FILE Test FRUIT_HAS_FORCEINLINE failed with the following output:
Change Dir: /Users/abilican/Documents/projects/perso/elastos/react-native-elastos-wallet-core/Elastos.ELA.SPV.Cpp/cmake-build-simulator64/CMakeFiles/CMakeTmp

Run Build Command:"/Applications/Xcode.app/Contents/Developer/usr/bin/make" "cmTC_4e291/fast"
/Applications/Xcode.app/Contents/Developer/usr/bin/make -f CMakeFiles/cmTC_4e291.dir/build.make CMakeFiles/cmTC_4e291.dir/build
Building CXX object CMakeFiles/cmTC_4e291.dir/src.cxx.o
/Applications/Xcode.app/Contents/Developer/Toolchains/XcodeDefault.xctoolchain/usr/bin/clang++    -miphonesimulator-version-min=10.0 -fvisibility=hidden -fvisibility-inlines-hidden -fobjc-abi-version=2 -fobjc-arc  -DFRUIT_HAS_FORCEINLINE -miphonesimulator-version-min=10.0 -fvisibility=hidden -fvisibility-inlines-hidden -fobjc-abi-version=2 -fobjc-arc  -O3 -DNDEBUG  -std=c++11 -W -Wall -Wno-unknown-warning-option -Wno-missing-braces -arch x86_64 -isysroot /Applications/Xcode.app/Contents/Developer/Platforms/iPhoneSimulator.platform/Developer/SDKs/iPhoneSimulator12.1.sdk   -o CMakeFiles/cmTC_4e291.dir/src.cxx.o -c /Users/abilican/Documents/projects/perso/elastos/react-native-elastos-wallet-core/Elastos.ELA.SPV.Cpp/cmake-build-simulator64/CMakeFiles/CMakeTmp/src.cxx
/Users/abilican/Documents/projects/perso/elastos/react-native-elastos-wallet-core/Elastos.ELA.SPV.Cpp/cmake-build-simulator64/CMakeFiles/CMakeTmp/src.cxx:2:1: error: unknown type name '__forceinline'
__forceinline
^
/Users/abilican/Documents/projects/perso/elastos/react-native-elastos-wallet-core/Elastos.ELA.SPV.Cpp/cmake-build-simulator64/CMakeFiles/CMakeTmp/src.cxx:3:1: error: expected unqualified-id
void f() {
^
2 errors generated.
make[1]: *** [CMakeFiles/cmTC_4e291.dir/src.cxx.o] Error 1
make: *** [cmTC_4e291/fast] Error 2

Source file was:

__forceinline
void f() {
}

int main() {
  return 0;
}

Performing C++ SOURCE FILE Test FRUIT_HAS_DECLSPEC_DEPRECATED failed with the following output:
Change Dir: /Users/abilican/Documents/projects/perso/elastos/react-native-elastos-wallet-core/Elastos.ELA.SPV.Cpp/cmake-build-simulator64/CMakeFiles/CMakeTmp

Run Build Command:"/Applications/Xcode.app/Contents/Developer/usr/bin/make" "cmTC_0a047/fast"
/Applications/Xcode.app/Contents/Developer/usr/bin/make -f CMakeFiles/cmTC_0a047.dir/build.make CMakeFiles/cmTC_0a047.dir/build
Building CXX object CMakeFiles/cmTC_0a047.dir/src.cxx.o
/Applications/Xcode.app/Contents/Developer/Toolchains/XcodeDefault.xctoolchain/usr/bin/clang++    -miphonesimulator-version-min=10.0 -fvisibility=hidden -fvisibility-inlines-hidden -fobjc-abi-version=2 -fobjc-arc  -DFRUIT_HAS_DECLSPEC_DEPRECATED -miphonesimulator-version-min=10.0 -fvisibility=hidden -fvisibility-inlines-hidden -fobjc-abi-version=2 -fobjc-arc  -O3 -DNDEBUG  -std=c++11 -W -Wall -Wno-unknown-warning-option -Wno-missing-braces -arch x86_64 -isysroot /Applications/Xcode.app/Contents/Developer/Platforms/iPhoneSimulator.platform/Developer/SDKs/iPhoneSimulator12.1.sdk   -o CMakeFiles/cmTC_0a047.dir/src.cxx.o -c /Users/abilican/Documents/projects/perso/elastos/react-native-elastos-wallet-core/Elastos.ELA.SPV.Cpp/cmake-build-simulator64/CMakeFiles/CMakeTmp/src.cxx
/Users/abilican/Documents/projects/perso/elastos/react-native-elastos-wallet-core/Elastos.ELA.SPV.Cpp/cmake-build-simulator64/CMakeFiles/CMakeTmp/src.cxx:2:1: error: '__declspec' attributes are not enabled; use '-fdeclspec' or '-fms-extensions' to enable support for __declspec attributes
__declspec(deprecated) void f();
^
1 error generated.
make[1]: *** [CMakeFiles/cmTC_0a047.dir/src.cxx.o] Error 1
make: *** [cmTC_0a047/fast] Error 2

Source file was:

__declspec(deprecated) void f();

int main() {
  return 0;
}

Performing C++ SOURCE FILE Test FRUIT_HAS_MSVC_ASSUME failed with the following output:
Change Dir: /Users/abilican/Documents/projects/perso/elastos/react-native-elastos-wallet-core/Elastos.ELA.SPV.Cpp/cmake-build-simulator64/CMakeFiles/CMakeTmp

Run Build Command:"/Applications/Xcode.app/Contents/Developer/usr/bin/make" "cmTC_3d400/fast"
/Applications/Xcode.app/Contents/Developer/usr/bin/make -f CMakeFiles/cmTC_3d400.dir/build.make CMakeFiles/cmTC_3d400.dir/build
Building CXX object CMakeFiles/cmTC_3d400.dir/src.cxx.o
/Applications/Xcode.app/Contents/Developer/Toolchains/XcodeDefault.xctoolchain/usr/bin/clang++    -miphonesimulator-version-min=10.0 -fvisibility=hidden -fvisibility-inlines-hidden -fobjc-abi-version=2 -fobjc-arc  -DFRUIT_HAS_MSVC_ASSUME -miphonesimulator-version-min=10.0 -fvisibility=hidden -fvisibility-inlines-hidden -fobjc-abi-version=2 -fobjc-arc  -O3 -DNDEBUG  -std=c++11 -W -Wall -Wno-unknown-warning-option -Wno-missing-braces -arch x86_64 -isysroot /Applications/Xcode.app/Contents/Developer/Platforms/iPhoneSimulator.platform/Developer/SDKs/iPhoneSimulator12.1.sdk   -o CMakeFiles/cmTC_3d400.dir/src.cxx.o -c /Users/abilican/Documents/projects/perso/elastos/react-native-elastos-wallet-core/Elastos.ELA.SPV.Cpp/cmake-build-simulator64/CMakeFiles/CMakeTmp/src.cxx
/Users/abilican/Documents/projects/perso/elastos/react-native-elastos-wallet-core/Elastos.ELA.SPV.Cpp/cmake-build-simulator64/CMakeFiles/CMakeTmp/src.cxx:7:5: error: use of undeclared identifier '__assume'
    __assume(0);
    ^
1 error generated.
make[1]: *** [CMakeFiles/cmTC_3d400.dir/src.cxx.o] Error 1
make: *** [cmTC_3d400/fast] Error 2

Source file was:

int f() {
  static int x = 1;
  if (x == 1) {
    return 0;
  } else {
    __assume(0);
    // Note: the lack of return here is intentional
  }
}

int main() {
  return f();
}

